<?xml version="1.0" encoding="UTF-8"?>
<!-- Generated by org.testng.reporters.JUnitReportReporter -->
<testsuite hostname="asus-PC" name="test.NumeralTranslatorTest" tests="4" failures="0" timestamp="27 Jul 2016 17:59:29 GMT" time="0.023" errors="0">
  <testcase name="testNumTranslatorProcess" time="0.015" classname="test.NumeralTranslatorTest"/>
  <testcase name="testValidRomanTranslation" time="0.003" classname="test.NumeralTranslatorTest"/>
  <testcase name="testInValidRomanTranslation" time="0.002" classname="test.NumeralTranslatorTest"/>
  <testcase name="testInValidRomanTranslation" time="0.003" classname="test.NumeralTranslatorTest"/>
</testsuite> <!-- test.NumeralTranslatorTest -->
