<?xml version="1.0" encoding="UTF-8"?>
<!-- Generated by org.testng.reporters.JUnitReportReporter -->
<testsuite hostname="asus-PC" name="test.MerchantGalaxyGuideTest" tests="16" failures="0" timestamp="27 Jul 2016 20:14:22 GMT" time="0.072" errors="0">
  <testcase name="testValidRomanTranslation" time="0.002" classname="test.MerchantGalaxyGuideTest"/>
  <testcase name="testValidArabicTranslation" time="0.005" classname="test.MerchantGalaxyGuideTest"/>
  <testcase name="testNumTranslatorProcess" time="0.019" classname="test.MerchantGalaxyGuideTest"/>
  <testcase name="testInvalidArabicTranslation" time="0.002" classname="test.MerchantGalaxyGuideTest"/>
  <testcase name="testValidArabicTranslation" time="0.004" classname="test.MerchantGalaxyGuideTest"/>
  <testcase name="testInvalidArabicTranslation" time="0.002" classname="test.MerchantGalaxyGuideTest"/>
  <testcase name="testValidRomanTranslation" time="0.003" classname="test.MerchantGalaxyGuideTest"/>
  <testcase name="testValidArabicTranslation" time="0.004" classname="test.MerchantGalaxyGuideTest"/>
  <testcase name="testInValidRomanTranslation" time="0.004" classname="test.MerchantGalaxyGuideTest"/>
  <testcase name="testInValidRomanTranslation" time="0.003" classname="test.MerchantGalaxyGuideTest"/>
  <testcase name="testValidArabicTranslation" time="0.003" classname="test.MerchantGalaxyGuideTest"/>
  <testcase name="testInvalidArabicTranslation" time="0.002" classname="test.MerchantGalaxyGuideTest"/>
  <testcase name="testInvalidArabicTranslation" time="0.006" classname="test.MerchantGalaxyGuideTest"/>
  <testcase name="testInvalidArabicTranslation" time="0.005" classname="test.MerchantGalaxyGuideTest"/>
  <testcase name="testValidArabicTranslation" time="0.004" classname="test.MerchantGalaxyGuideTest"/>
  <testcase name="testValidArabicTranslation" time="0.004" classname="test.MerchantGalaxyGuideTest"/>
</testsuite> <!-- test.MerchantGalaxyGuideTest -->
